2024-02-05 16:56:50,834 - lib.log INFO - === programming initiated ...===
2024-02-05 16:56:50,834 - lib.log INFO - Target fasta file: GCF_002870075.4_Lsat_Salinas_v11_cds_from_genomic.fna
2024-02-05 16:56:57,466 - lib.log INFO - Detecting partial sequences...
2024-02-05 16:56:57,516 - lib.log INFO - ContigID XP_052626056.1 is not divisible by 3.
2024-02-05 16:56:57,527 - lib.log INFO - ContigID XP_023756713.2 is partial on 5' or 3'.
2024-02-05 16:56:57,527 - lib.log INFO - ContigID XP_052620879.1 is partial on 5' or 3'.
2024-02-05 16:56:57,527 - lib.log INFO - ContigID XP_052624570.1 is partial on 5' or 3'.
2024-02-05 16:56:57,527 - lib.log INFO - ContigID XP_023728452.2 is partial on 5' or 3'.
2024-02-05 16:56:57,527 - lib.log INFO - ContigID XP_023741047.2 is partial on 5' or 3'.
2024-02-05 16:56:57,527 - lib.log INFO - ContigID XP_023732290.2 is partial on 5' or 3'.
2024-02-05 16:56:57,527 - lib.log INFO - ContigID XP_023748700.2 is partial on 5' or 3'.
2024-02-05 16:56:57,527 - lib.log INFO - ContigID XP_023754998.2 is partial on 5' or 3'.
2024-02-05 16:56:57,527 - lib.log INFO - ContigID XP_052622482.1 is partial on 5' or 3'.
2024-02-05 16:56:57,527 - lib.log INFO - ContigID XP_023768250.1 is partial on 5' or 3'.
2024-02-05 16:56:57,527 - lib.log INFO - ContigID XP_052622929.1 is partial on 5' or 3'.
2024-02-05 16:56:57,527 - lib.log INFO - ContigID XP_052623354.1 is partial on 5' or 3'.
2024-02-05 16:56:57,527 - lib.log INFO - ContigID XP_052624749.1 is partial on 5' or 3'.
2024-02-05 16:56:57,527 - lib.log INFO - ContigID XP_023772053.2 is partial on 5' or 3'.
2024-02-05 16:56:57,527 - lib.log INFO - ContigID XP_052624750.1 is partial on 5' or 3'.
2024-02-05 16:56:57,527 - lib.log INFO - ContigID XP_052624032.1 is partial on 5' or 3'.
2024-02-05 16:56:57,527 - lib.log INFO - ContigID XP_052624040.1 is partial on 5' or 3'.
2024-02-05 16:56:57,527 - lib.log INFO - ContigID XP_052624826.1 is partial on 5' or 3'.
2024-02-05 16:56:57,527 - lib.log INFO - ContigID XP_023756603.1 is partial on 5' or 3'.
2024-02-05 16:56:57,527 - lib.log INFO - ContigID XP_052624875.1 is partial on 5' or 3'.
2024-02-05 16:56:57,527 - lib.log INFO - ContigID XP_023751847.2 is partial on 5' or 3'.
2024-02-05 16:56:57,527 - lib.log INFO - ContigID XP_052624087.1 is partial on 5' or 3'.
2024-02-05 16:56:57,527 - lib.log INFO - ContigID XP_052624103.1 is partial on 5' or 3'.
2024-02-05 16:56:57,527 - lib.log INFO - ContigID XP_052624603.1 is partial on 5' or 3'.
2024-02-05 16:56:57,527 - lib.log INFO - ContigID XP_052625069.1 is partial on 5' or 3'.
2024-02-05 16:56:57,527 - lib.log INFO - ContigID XP_023772218.2 is partial on 5' or 3'.
2024-02-05 16:56:57,527 - lib.log INFO - ContigID XP_023738525.1 is partial on 5' or 3'.
2024-02-05 16:56:57,527 - lib.log INFO - ContigID XP_023758869.2 is partial on 5' or 3'.
2024-02-05 16:56:57,527 - lib.log INFO - ContigID XP_023750194.3 is partial on 5' or 3'.
2024-02-05 16:56:57,527 - lib.log INFO - ContigID XP_052625626.1 is partial on 5' or 3'.
2024-02-05 16:56:57,527 - lib.log INFO - ContigID XP_052625258.1 is partial on 5' or 3'.
2024-02-05 16:56:57,527 - lib.log INFO - ContigID XP_023731327.1 is partial on 5' or 3'.
2024-02-05 16:56:57,527 - lib.log INFO - ContigID XP_023756105.1 is partial on 5' or 3'.
2024-02-05 16:56:57,527 - lib.log INFO - ContigID XP_023769980.2 is partial on 5' or 3'.
2024-02-05 16:56:57,528 - lib.log INFO - ContigID XP_052625724.1 is partial on 5' or 3'.
2024-02-05 16:56:57,528 - lib.log INFO - ContigID XP_052625744.1 is partial on 5' or 3'.
2024-02-05 16:56:57,528 - lib.log INFO - ContigID XP_052625750.1 is partial on 5' or 3'.
2024-02-05 16:56:57,528 - lib.log INFO - ContigID XP_052625768.1 is partial on 5' or 3'.
2024-02-05 16:56:57,528 - lib.log INFO - ContigID XP_052625788.1 is partial on 5' or 3'.
2024-02-05 16:56:57,528 - lib.log INFO - ContigID XP_042756649.1 is partial on 5' or 3'.
2024-02-05 16:56:57,528 - lib.log INFO - ContigID XP_052625899.1 is partial on 5' or 3'.
2024-02-05 16:56:57,528 - lib.log INFO - ContigID XP_052626056.1 is partial on 5' or 3'.
2024-02-05 16:56:57,528 - lib.log INFO - ContigID XP_042756361.2 is partial on 5' or 3'.
2024-02-05 16:56:57,528 - lib.log INFO - ContigID XP_023749585.2 is partial on 5' or 3'.
2024-02-05 16:56:57,528 - lib.log INFO - ContigID XP_023762222.2 is partial on 5' or 3'.
2024-02-05 16:56:57,528 - lib.log INFO - ContigID XP_023746289.3 is partial on 5' or 3'.
2024-02-05 16:56:57,528 - lib.log INFO - ContigID XP_042756825.2 is partial on 5' or 3'.
2024-02-05 16:56:57,528 - lib.log INFO - ContigID XP_052627299.1 is partial on 5' or 3'.
2024-02-05 16:56:57,528 - lib.log INFO - ContigID XP_052627298.1 is partial on 5' or 3'.
2024-02-05 16:56:57,528 - lib.log INFO - ContigID XP_023730839.1 is partial on 5' or 3'.
2024-02-05 16:56:57,528 - lib.log INFO - ContigID XP_052626271.1 is partial on 5' or 3'.
2024-02-05 16:56:57,528 - lib.log INFO - ContigID XP_042757554.1 is partial on 5' or 3'.
2024-02-05 16:56:57,528 - lib.log INFO - ContigID XP_042757057.2 is partial on 5' or 3'.
2024-02-05 16:56:57,528 - lib.log INFO - ContigID XP_052627347.1 is partial on 5' or 3'.
2024-02-05 16:56:57,528 - lib.log INFO - ContigID XP_023762223.1 is partial on 5' or 3'.
2024-02-05 16:56:57,528 - lib.log INFO - ContigID XP_052627020.1 is partial on 5' or 3'.
2024-02-05 16:56:57,528 - lib.log INFO - ContigID XP_052627066.1 is partial on 5' or 3'.
2024-02-05 16:56:57,528 - lib.log INFO - ContigID XP_052627081.1 is partial on 5' or 3'.
2024-02-05 16:56:57,528 - lib.log INFO - ContigID XP_023749025.2 is partial on 5' or 3'.
2024-02-05 16:56:57,528 - lib.log INFO - ContigID XP_052627152.1 is partial on 5' or 3'.
2024-02-05 16:56:57,528 - lib.log INFO - ContigID XP_052627225.1 is partial on 5' or 3'.
2024-02-05 16:56:57,528 - lib.log INFO - ContigID XP_052627230.1 is partial on 5' or 3'.
2024-02-05 16:56:57,528 - lib.log INFO - ContigID XP_052627264.1 is partial on 5' or 3'.
2024-02-05 16:56:57,528 - lib.log INFO - ContigID XP_023760606.2 is partial on 5' or 3'.
2024-02-05 16:56:57,528 - lib.log INFO - ContigID XP_042754714.1 is partial on 5' or 3'.
2024-02-05 16:56:57,528 - lib.log INFO - ContigID XP_052627665.1 is partial on 5' or 3'.
2024-02-05 16:56:57,528 - lib.log INFO - ContigID XP_052627670.1 is partial on 5' or 3'.
2024-02-05 16:56:57,528 - lib.log INFO - ContigID XP_023764772.3 is partial on 5' or 3'.
2024-02-05 16:56:57,528 - lib.log INFO - ContigID XP_042758036.1 is partial on 5' or 3'.
2024-02-05 16:56:57,528 - lib.log INFO - ContigID XP_042758039.2 is partial on 5' or 3'.
2024-02-05 16:56:57,528 - lib.log INFO - ContigID XP_023771359.2 is partial on 5' or 3'.
2024-02-05 16:56:57,528 - lib.log INFO - ContigID XP_023744292.1 is partial on 5' or 3'.
2024-02-05 16:56:57,528 - lib.log INFO - ContigID XP_023742594.1 is partial on 5' or 3'.
2024-02-05 16:56:57,528 - lib.log INFO - ContigID XP_042751369.2 is partial on 5' or 3'.
2024-02-05 16:56:57,528 - lib.log INFO - ContigID XP_052619659.1 is partial on 5' or 3'.
2024-02-05 16:56:57,528 - lib.log INFO - ContigID XP_052619857.1 is partial on 5' or 3'.
2024-02-05 16:56:57,528 - lib.log INFO - ContigID XP_042757881.2 is partial on 5' or 3'.
2024-02-05 16:56:57,528 - lib.log INFO - ContigID XP_023752698.1 is partial on 5' or 3'.
2024-02-05 16:56:57,528 - lib.log INFO - ContigID XP_052619911.1 is partial on 5' or 3'.
2024-02-05 16:56:57,528 - lib.log INFO - ContigID XP_052620386.1 is partial on 5' or 3'.
2024-02-05 16:56:57,528 - lib.log INFO - ContigID XP_023738960.1 is partial on 5' or 3'.
2024-02-05 16:56:57,528 - lib.log INFO - ContigID XP_023738961.1 is partial on 5' or 3'.
2024-02-05 16:56:57,528 - lib.log INFO - ContigID XP_042751992.1 is partial on 5' or 3'.
2024-02-05 16:56:57,528 - lib.log INFO - ContigID XP_023739376.1 is partial on 5' or 3'.
2024-02-05 16:56:57,528 - lib.log INFO - ContigID XP_052620878.1 is partial on 5' or 3'.
2024-02-05 16:56:57,528 - lib.log INFO - ContigID XP_052620881.1 is partial on 5' or 3'.
2024-02-05 16:56:57,528 - lib.log INFO - ContigID XP_023742094.2 is partial on 5' or 3'.
2024-02-05 16:56:57,528 - lib.log INFO - ContigID XP_052620616.1 is partial on 5' or 3'.
2024-02-05 16:56:57,528 - lib.log INFO - ContigID XP_052620944.1 is partial on 5' or 3'.
2024-02-05 16:56:57,528 - lib.log INFO - ContigID XP_052620433.1 is partial on 5' or 3'.
2024-02-05 16:56:57,528 - lib.log INFO - ContigID XP_052620972.1 is partial on 5' or 3'.
2024-02-05 16:56:57,528 - lib.log INFO - ContigID XP_052620990.1 is partial on 5' or 3'.
2024-02-05 16:56:57,528 - lib.log INFO - ContigID XP_023752791.2 is partial on 5' or 3'.
2024-02-05 16:56:57,528 - lib.log INFO - ContigID XP_042752081.1 is partial on 5' or 3'.
2024-02-05 16:56:57,528 - lib.log INFO - ContigID XP_052620462.1 is partial on 5' or 3'.
2024-02-05 16:56:57,528 - lib.log INFO - ContigID XP_042752337.2 is partial on 5' or 3'.
2024-02-05 16:56:57,528 - lib.log INFO - ContigID XP_023758775.2 is partial on 5' or 3'.
2024-02-05 16:56:57,528 - lib.log INFO - ContigID XP_052621607.1 is partial on 5' or 3'.
2024-02-05 16:56:57,528 - lib.log INFO - ContigID XP_023732968.2 is partial on 5' or 3'.
2024-02-05 16:56:57,528 - lib.log INFO - ContigID XP_052621608.1 is partial on 5' or 3'.
2024-02-05 16:56:57,528 - lib.log INFO - ContigID XP_023735867.3 is partial on 5' or 3'.
2024-02-05 16:56:57,528 - lib.log INFO - ContigID XP_052621434.1 is partial on 5' or 3'.
2024-02-05 16:56:57,528 - lib.log INFO - ContigID XP_042752708.2 is partial on 5' or 3'.
2024-02-05 16:56:57,528 - lib.log INFO - ContigID XP_052621729.1 is partial on 5' or 3'.
2024-02-05 16:56:57,528 - lib.log INFO - ContigID XP_023730672.3 is partial on 5' or 3'.
2024-02-05 16:56:57,528 - lib.log INFO - ContigID XP_023755819.1 is partial on 5' or 3'.
2024-02-05 16:56:57,528 - lib.log INFO - ContigID XP_052621397.1 is partial on 5' or 3'.
2024-02-05 16:56:57,528 - lib.log INFO - ContigID XP_052621407.1 is partial on 5' or 3'.
2024-02-05 16:56:57,528 - lib.log INFO - ContigID XP_042753101.1 is partial on 5' or 3'.
2024-02-05 16:56:57,528 - lib.log INFO - ContigID XP_023771156.1 is partial on 5' or 3'.
2024-02-05 16:56:57,528 - lib.log INFO - ContigID XP_023729494.2 is partial on 5' or 3'.
2024-02-05 16:56:57,528 - lib.log INFO - ContigID XP_023765787.2 is partial on 5' or 3'.
2024-02-05 16:56:57,528 - lib.log INFO - ContigID XP_052622323.1 is partial on 5' or 3'.
2024-02-05 16:56:57,528 - lib.log INFO - ContigID XP_052622326.1 is partial on 5' or 3'.
2024-02-05 16:56:57,528 - lib.log INFO - ContigID XP_023762736.2 is partial on 5' or 3'.
2024-02-05 16:56:57,528 - lib.log INFO - ContigID XP_023754207.1 is partial on 5' or 3'.
2024-02-05 16:56:57,528 - lib.log INFO - ContigID XP_023764577.2 is partial on 5' or 3'.
2024-02-05 16:56:57,528 - lib.log INFO - ContigID XP_052622433.1 is partial on 5' or 3'.
2024-02-05 16:56:57,528 - lib.log INFO - ContigID XP_052622440.1 is partial on 5' or 3'.
2024-02-05 16:56:57,528 - lib.log INFO - ContigID XP_052622718.1 is partial on 5' or 3'.
2024-02-05 16:56:57,528 - lib.log INFO - ContigID XP_052622892.1 is partial on 5' or 3'.
2024-02-05 16:56:57,528 - lib.log INFO - ContigID XP_023766465.1 is partial on 5' or 3'.
2024-02-05 16:56:57,528 - lib.log INFO - ContigID XP_023756732.1 is partial on 5' or 3'.
2024-02-05 16:56:57,528 - lib.log INFO - ContigID XP_052622538.1 is partial on 5' or 3'.
2024-02-05 16:56:57,528 - lib.log INFO - ContigID XP_023766447.1 is partial on 5' or 3'.
2024-02-05 16:56:57,528 - lib.log INFO - ContigID XP_042753303.2 is partial on 5' or 3'.
2024-02-05 16:56:57,528 - lib.log INFO - ContigID XP_023741221.2 is partial on 5' or 3'.
2024-02-05 16:56:57,528 - lib.log INFO - ContigID XP_052622169.1 is partial on 5' or 3'.
2024-02-05 16:56:57,529 - lib.log INFO - ContigID XP_052622170.1 is partial on 5' or 3'.
2024-02-05 16:56:57,529 - lib.log INFO - ContigID XP_052622139.1 is partial on 5' or 3'.
2024-02-05 16:56:57,529 - lib.log INFO - ContigID XP_052622692.1 is partial on 5' or 3'.
2024-02-05 16:56:57,529 - lib.log INFO - ContigID XP_023743649.2 is partial on 5' or 3'.
2024-02-05 16:56:57,529 - lib.log INFO - ContigID XP_052623499.1 is partial on 5' or 3'.
2024-02-05 16:56:57,529 - lib.log INFO - ContigID XP_023773011.2 is partial on 5' or 3'.
2024-02-05 16:56:57,529 - lib.log INFO - ContigID XP_052623573.1 is partial on 5' or 3'.
2024-02-05 16:56:57,529 - lib.log INFO - ContigID XP_052623576.1 is partial on 5' or 3'.
2024-02-05 16:56:57,529 - lib.log INFO - ContigID XP_023755476.2 is partial on 5' or 3'.
2024-02-05 16:56:57,529 - lib.log INFO - ContigID XP_052623591.1 is partial on 5' or 3'.
2024-02-05 16:56:57,529 - lib.log INFO - ContigID XP_052623602.1 is partial on 5' or 3'.
2024-02-05 16:56:57,529 - lib.log INFO - ContigID XP_052623609.1 is partial on 5' or 3'.
2024-02-05 16:56:57,529 - lib.log INFO - ContigID XP_023731711.2 is partial on 5' or 3'.
2024-02-05 16:56:57,529 - lib.log INFO - ContigID XP_023749965.2 is partial on 5' or 3'.
2024-02-05 16:56:57,529 - lib.log INFO - ContigID XP_023770818.2 is partial on 5' or 3'.
2024-02-05 16:56:57,529 - lib.log INFO - ContigID XP_052623491.1 is partial on 5' or 3'.
2024-02-05 16:56:57,529 - lib.log INFO - ContigID XP_042754347.2 is partial on 5' or 3'.
2024-02-05 16:56:57,529 - lib.log INFO - ContigID XP_052623687.1 is partial on 5' or 3'.
2024-02-05 16:56:57,529 - lib.log INFO - ContigID XP_023740307.3 is partial on 5' or 3'.
2024-02-05 16:56:57,529 - lib.log INFO - ContigID XP_023748157.1 is partial on 5' or 3'.
2024-02-05 16:56:57,529 - lib.log INFO - ContigID XP_042754061.1 is partial on 5' or 3'.
2024-02-05 16:56:57,529 - lib.log INFO - ContigID XP_052623783.1 is partial on 5' or 3'.
2024-02-05 16:56:57,529 - lib.log INFO - ContigID XP_023741585.3 is partial on 5' or 3'.
2024-02-05 16:56:57,529 - lib.log INFO - ContigID XP_023756534.1 is partial on 5' or 3'.
2024-02-05 16:56:57,529 - lib.log INFO - ContigID XP_023741658.1 is partial on 5' or 3'.
2024-02-05 16:56:57,529 - lib.log INFO - ContigID XP_023769628.1 is partial on 5' or 3'.
2024-02-05 16:56:57,529 - lib.log INFO - ContigID XP_052623218.1 is partial on 5' or 3'.
2024-02-05 16:56:57,529 - lib.log INFO - ContigID XP_052623868.1 is partial on 5' or 3'.
2024-02-05 16:56:57,529 - lib.log INFO - ContigID XP_042753186.2 is partial on 5' or 3'.
2024-02-05 16:56:57,529 - lib.log INFO - ContigID YP_009652418.1 is partial on 5' or 3'.
2024-02-05 16:56:57,529 - lib.log INFO - ContigID YP_009652431.1 is partial on 5' or 3'.
2024-02-05 16:56:57,529 - lib.log INFO - ContigID YP_009652433.1 is partial on 5' or 3'.
2024-02-05 16:56:57,529 - lib.log INFO - ContigID YP_009652436.1 is partial on 5' or 3'.
2024-02-05 16:56:57,529 - lib.log INFO - ContigID YP_398344.1 is partial on 5' or 3'.
2024-02-05 16:56:57,529 - lib.log INFO - ContigID YP_398359.2 is partial on 5' or 3'.
2024-02-05 16:56:57,529 - lib.log INFO - ContigID YP_398369.1 is partial on 5' or 3'.
2024-02-05 16:56:57,529 - lib.log INFO - ContigID YP_398378.2 is partial on 5' or 3'.
2024-02-05 16:56:57,555 - lib.log INFO - Done. Input 47803 Contigs, 165 had been removed and 47638 Contigs remained in dataset.
2024-02-05 16:56:57,555 - lib.log INFO - Removing duplicated DNA sequences...
2024-02-05 16:59:27,336 - lib.log INFO - Done. Input 47638 Contigs, 6062 had been removed and 41576 Contigs remained in dataset.
2024-02-05 16:59:27,339 - lib.log INFO - Removing duplicated peptide sequences...
2024-02-05 17:01:46,642 - lib.log INFO - Done. Input 41576 Contigs, 224 had been removed and 41352 Contigs remained in dataset.
2024-02-05 17:01:50,075 - lib.log INFO - Writing fasta file: GCF_002870075.4_Ls_11...
2024-02-05 17:01:50,390 - lib.log INFO - Done
2024-02-05 17:01:50,390 - lib.log INFO - Writing fasta file: GCF_002870075.4_Ls_11...
2024-02-05 17:01:50,531 - lib.log INFO - Done
2024-02-05 17:01:50,568 - lib.log INFO - run_blastp on local
2024-02-05 17:01:50,578 - lib.log INFO - Done. total time 0.010045766830444336.
2024-02-05 17:03:28,522 - lib.log INFO - === programming initiated ...===
2024-02-05 17:03:28,522 - lib.log INFO - Target fasta file: GCF_002870075.4_Lsat_Salinas_v11_cds_from_genomic.fna
2024-02-05 17:03:35,042 - lib.log INFO - Detecting partial sequences...
2024-02-05 17:03:35,089 - lib.log INFO - ContigID XP_052626056.1 is not divisible by 3.
2024-02-05 17:03:35,111 - lib.log INFO - ContigID XP_023756713.2 is partial on 5' or 3'.
2024-02-05 17:03:35,111 - lib.log INFO - ContigID XP_052620879.1 is partial on 5' or 3'.
2024-02-05 17:03:35,111 - lib.log INFO - ContigID XP_052624570.1 is partial on 5' or 3'.
2024-02-05 17:03:35,111 - lib.log INFO - ContigID XP_023728452.2 is partial on 5' or 3'.
2024-02-05 17:03:35,111 - lib.log INFO - ContigID XP_023741047.2 is partial on 5' or 3'.
2024-02-05 17:03:35,111 - lib.log INFO - ContigID XP_023732290.2 is partial on 5' or 3'.
2024-02-05 17:03:35,111 - lib.log INFO - ContigID XP_023748700.2 is partial on 5' or 3'.
2024-02-05 17:03:35,111 - lib.log INFO - ContigID XP_023754998.2 is partial on 5' or 3'.
2024-02-05 17:03:35,111 - lib.log INFO - ContigID XP_052622482.1 is partial on 5' or 3'.
2024-02-05 17:03:35,111 - lib.log INFO - ContigID XP_023768250.1 is partial on 5' or 3'.
2024-02-05 17:03:35,111 - lib.log INFO - ContigID XP_052622929.1 is partial on 5' or 3'.
2024-02-05 17:03:35,111 - lib.log INFO - ContigID XP_052623354.1 is partial on 5' or 3'.
2024-02-05 17:03:35,111 - lib.log INFO - ContigID XP_052624749.1 is partial on 5' or 3'.
2024-02-05 17:03:35,111 - lib.log INFO - ContigID XP_023772053.2 is partial on 5' or 3'.
2024-02-05 17:03:35,111 - lib.log INFO - ContigID XP_052624750.1 is partial on 5' or 3'.
2024-02-05 17:03:35,111 - lib.log INFO - ContigID XP_052624032.1 is partial on 5' or 3'.
2024-02-05 17:03:35,111 - lib.log INFO - ContigID XP_052624040.1 is partial on 5' or 3'.
2024-02-05 17:03:35,111 - lib.log INFO - ContigID XP_052624826.1 is partial on 5' or 3'.
2024-02-05 17:03:35,111 - lib.log INFO - ContigID XP_023756603.1 is partial on 5' or 3'.
2024-02-05 17:03:35,111 - lib.log INFO - ContigID XP_052624875.1 is partial on 5' or 3'.
2024-02-05 17:03:35,111 - lib.log INFO - ContigID XP_023751847.2 is partial on 5' or 3'.
2024-02-05 17:03:35,111 - lib.log INFO - ContigID XP_052624087.1 is partial on 5' or 3'.
2024-02-05 17:03:35,111 - lib.log INFO - ContigID XP_052624103.1 is partial on 5' or 3'.
2024-02-05 17:03:35,111 - lib.log INFO - ContigID XP_052624603.1 is partial on 5' or 3'.
2024-02-05 17:03:35,111 - lib.log INFO - ContigID XP_052625069.1 is partial on 5' or 3'.
2024-02-05 17:03:35,111 - lib.log INFO - ContigID XP_023772218.2 is partial on 5' or 3'.
2024-02-05 17:03:35,111 - lib.log INFO - ContigID XP_023738525.1 is partial on 5' or 3'.
2024-02-05 17:03:35,111 - lib.log INFO - ContigID XP_023758869.2 is partial on 5' or 3'.
2024-02-05 17:03:35,111 - lib.log INFO - ContigID XP_023750194.3 is partial on 5' or 3'.
2024-02-05 17:03:35,111 - lib.log INFO - ContigID XP_052625626.1 is partial on 5' or 3'.
2024-02-05 17:03:35,111 - lib.log INFO - ContigID XP_052625258.1 is partial on 5' or 3'.
2024-02-05 17:03:35,111 - lib.log INFO - ContigID XP_023731327.1 is partial on 5' or 3'.
2024-02-05 17:03:35,111 - lib.log INFO - ContigID XP_023756105.1 is partial on 5' or 3'.
2024-02-05 17:03:35,111 - lib.log INFO - ContigID XP_023769980.2 is partial on 5' or 3'.
2024-02-05 17:03:35,111 - lib.log INFO - ContigID XP_052625724.1 is partial on 5' or 3'.
2024-02-05 17:03:35,111 - lib.log INFO - ContigID XP_052625744.1 is partial on 5' or 3'.
2024-02-05 17:03:35,111 - lib.log INFO - ContigID XP_052625750.1 is partial on 5' or 3'.
2024-02-05 17:03:35,111 - lib.log INFO - ContigID XP_052625768.1 is partial on 5' or 3'.
2024-02-05 17:03:35,111 - lib.log INFO - ContigID XP_052625788.1 is partial on 5' or 3'.
2024-02-05 17:03:35,111 - lib.log INFO - ContigID XP_042756649.1 is partial on 5' or 3'.
2024-02-05 17:03:35,111 - lib.log INFO - ContigID XP_052625899.1 is partial on 5' or 3'.
2024-02-05 17:03:35,111 - lib.log INFO - ContigID XP_052626056.1 is partial on 5' or 3'.
2024-02-05 17:03:35,111 - lib.log INFO - ContigID XP_042756361.2 is partial on 5' or 3'.
2024-02-05 17:03:35,111 - lib.log INFO - ContigID XP_023749585.2 is partial on 5' or 3'.
2024-02-05 17:03:35,111 - lib.log INFO - ContigID XP_023762222.2 is partial on 5' or 3'.
2024-02-05 17:03:35,111 - lib.log INFO - ContigID XP_023746289.3 is partial on 5' or 3'.
2024-02-05 17:03:35,111 - lib.log INFO - ContigID XP_042756825.2 is partial on 5' or 3'.
2024-02-05 17:03:35,111 - lib.log INFO - ContigID XP_052627299.1 is partial on 5' or 3'.
2024-02-05 17:03:35,111 - lib.log INFO - ContigID XP_052627298.1 is partial on 5' or 3'.
2024-02-05 17:03:35,111 - lib.log INFO - ContigID XP_023730839.1 is partial on 5' or 3'.
2024-02-05 17:03:35,111 - lib.log INFO - ContigID XP_052626271.1 is partial on 5' or 3'.
2024-02-05 17:03:35,111 - lib.log INFO - ContigID XP_042757554.1 is partial on 5' or 3'.
2024-02-05 17:03:35,111 - lib.log INFO - ContigID XP_042757057.2 is partial on 5' or 3'.
2024-02-05 17:03:35,111 - lib.log INFO - ContigID XP_052627347.1 is partial on 5' or 3'.
2024-02-05 17:03:35,111 - lib.log INFO - ContigID XP_023762223.1 is partial on 5' or 3'.
2024-02-05 17:03:35,112 - lib.log INFO - ContigID XP_052627020.1 is partial on 5' or 3'.
2024-02-05 17:03:35,112 - lib.log INFO - ContigID XP_052627066.1 is partial on 5' or 3'.
2024-02-05 17:03:35,112 - lib.log INFO - ContigID XP_052627081.1 is partial on 5' or 3'.
2024-02-05 17:03:35,112 - lib.log INFO - ContigID XP_023749025.2 is partial on 5' or 3'.
2024-02-05 17:03:35,112 - lib.log INFO - ContigID XP_052627152.1 is partial on 5' or 3'.
2024-02-05 17:03:35,112 - lib.log INFO - ContigID XP_052627225.1 is partial on 5' or 3'.
2024-02-05 17:03:35,112 - lib.log INFO - ContigID XP_052627230.1 is partial on 5' or 3'.
2024-02-05 17:03:35,112 - lib.log INFO - ContigID XP_052627264.1 is partial on 5' or 3'.
2024-02-05 17:03:35,112 - lib.log INFO - ContigID XP_023760606.2 is partial on 5' or 3'.
2024-02-05 17:03:35,112 - lib.log INFO - ContigID XP_042754714.1 is partial on 5' or 3'.
2024-02-05 17:03:35,112 - lib.log INFO - ContigID XP_052627665.1 is partial on 5' or 3'.
2024-02-05 17:03:35,112 - lib.log INFO - ContigID XP_052627670.1 is partial on 5' or 3'.
2024-02-05 17:03:35,112 - lib.log INFO - ContigID XP_023764772.3 is partial on 5' or 3'.
2024-02-05 17:03:35,112 - lib.log INFO - ContigID XP_042758036.1 is partial on 5' or 3'.
2024-02-05 17:03:35,112 - lib.log INFO - ContigID XP_042758039.2 is partial on 5' or 3'.
2024-02-05 17:03:35,112 - lib.log INFO - ContigID XP_023771359.2 is partial on 5' or 3'.
2024-02-05 17:03:35,112 - lib.log INFO - ContigID XP_023744292.1 is partial on 5' or 3'.
2024-02-05 17:03:35,112 - lib.log INFO - ContigID XP_023742594.1 is partial on 5' or 3'.
2024-02-05 17:03:35,112 - lib.log INFO - ContigID XP_042751369.2 is partial on 5' or 3'.
2024-02-05 17:03:35,112 - lib.log INFO - ContigID XP_052619659.1 is partial on 5' or 3'.
2024-02-05 17:03:35,112 - lib.log INFO - ContigID XP_052619857.1 is partial on 5' or 3'.
2024-02-05 17:03:35,112 - lib.log INFO - ContigID XP_042757881.2 is partial on 5' or 3'.
2024-02-05 17:03:35,112 - lib.log INFO - ContigID XP_023752698.1 is partial on 5' or 3'.
2024-02-05 17:03:35,112 - lib.log INFO - ContigID XP_052619911.1 is partial on 5' or 3'.
2024-02-05 17:03:35,112 - lib.log INFO - ContigID XP_052620386.1 is partial on 5' or 3'.
2024-02-05 17:03:35,112 - lib.log INFO - ContigID XP_023738960.1 is partial on 5' or 3'.
2024-02-05 17:03:35,112 - lib.log INFO - ContigID XP_023738961.1 is partial on 5' or 3'.
2024-02-05 17:03:35,112 - lib.log INFO - ContigID XP_042751992.1 is partial on 5' or 3'.
2024-02-05 17:03:35,112 - lib.log INFO - ContigID XP_023739376.1 is partial on 5' or 3'.
2024-02-05 17:03:35,112 - lib.log INFO - ContigID XP_052620878.1 is partial on 5' or 3'.
2024-02-05 17:03:35,112 - lib.log INFO - ContigID XP_052620881.1 is partial on 5' or 3'.
2024-02-05 17:03:35,112 - lib.log INFO - ContigID XP_023742094.2 is partial on 5' or 3'.
2024-02-05 17:03:35,112 - lib.log INFO - ContigID XP_052620616.1 is partial on 5' or 3'.
2024-02-05 17:03:35,112 - lib.log INFO - ContigID XP_052620944.1 is partial on 5' or 3'.
2024-02-05 17:03:35,112 - lib.log INFO - ContigID XP_052620433.1 is partial on 5' or 3'.
2024-02-05 17:03:35,112 - lib.log INFO - ContigID XP_052620972.1 is partial on 5' or 3'.
2024-02-05 17:03:35,112 - lib.log INFO - ContigID XP_052620990.1 is partial on 5' or 3'.
2024-02-05 17:03:35,112 - lib.log INFO - ContigID XP_023752791.2 is partial on 5' or 3'.
2024-02-05 17:03:35,112 - lib.log INFO - ContigID XP_042752081.1 is partial on 5' or 3'.
2024-02-05 17:03:35,112 - lib.log INFO - ContigID XP_052620462.1 is partial on 5' or 3'.
2024-02-05 17:03:35,112 - lib.log INFO - ContigID XP_042752337.2 is partial on 5' or 3'.
2024-02-05 17:03:35,112 - lib.log INFO - ContigID XP_023758775.2 is partial on 5' or 3'.
2024-02-05 17:03:35,112 - lib.log INFO - ContigID XP_052621607.1 is partial on 5' or 3'.
2024-02-05 17:03:35,112 - lib.log INFO - ContigID XP_023732968.2 is partial on 5' or 3'.
2024-02-05 17:03:35,112 - lib.log INFO - ContigID XP_052621608.1 is partial on 5' or 3'.
2024-02-05 17:03:35,112 - lib.log INFO - ContigID XP_023735867.3 is partial on 5' or 3'.
2024-02-05 17:03:35,112 - lib.log INFO - ContigID XP_052621434.1 is partial on 5' or 3'.
2024-02-05 17:03:35,112 - lib.log INFO - ContigID XP_042752708.2 is partial on 5' or 3'.
2024-02-05 17:03:35,112 - lib.log INFO - ContigID XP_052621729.1 is partial on 5' or 3'.
2024-02-05 17:03:35,112 - lib.log INFO - ContigID XP_023730672.3 is partial on 5' or 3'.
2024-02-05 17:03:35,112 - lib.log INFO - ContigID XP_023755819.1 is partial on 5' or 3'.
2024-02-05 17:03:35,112 - lib.log INFO - ContigID XP_052621397.1 is partial on 5' or 3'.
2024-02-05 17:03:35,112 - lib.log INFO - ContigID XP_052621407.1 is partial on 5' or 3'.
2024-02-05 17:03:35,112 - lib.log INFO - ContigID XP_042753101.1 is partial on 5' or 3'.
2024-02-05 17:03:35,112 - lib.log INFO - ContigID XP_023771156.1 is partial on 5' or 3'.
2024-02-05 17:03:35,112 - lib.log INFO - ContigID XP_023729494.2 is partial on 5' or 3'.
2024-02-05 17:03:35,112 - lib.log INFO - ContigID XP_023765787.2 is partial on 5' or 3'.
2024-02-05 17:03:35,112 - lib.log INFO - ContigID XP_052622323.1 is partial on 5' or 3'.
2024-02-05 17:03:35,112 - lib.log INFO - ContigID XP_052622326.1 is partial on 5' or 3'.
2024-02-05 17:03:35,112 - lib.log INFO - ContigID XP_023762736.2 is partial on 5' or 3'.
2024-02-05 17:03:35,112 - lib.log INFO - ContigID XP_023754207.1 is partial on 5' or 3'.
2024-02-05 17:03:35,112 - lib.log INFO - ContigID XP_023764577.2 is partial on 5' or 3'.
2024-02-05 17:03:35,112 - lib.log INFO - ContigID XP_052622433.1 is partial on 5' or 3'.
2024-02-05 17:03:35,112 - lib.log INFO - ContigID XP_052622440.1 is partial on 5' or 3'.
2024-02-05 17:03:35,112 - lib.log INFO - ContigID XP_052622718.1 is partial on 5' or 3'.
2024-02-05 17:03:35,112 - lib.log INFO - ContigID XP_052622892.1 is partial on 5' or 3'.
2024-02-05 17:03:35,112 - lib.log INFO - ContigID XP_023766465.1 is partial on 5' or 3'.
2024-02-05 17:03:35,112 - lib.log INFO - ContigID XP_023756732.1 is partial on 5' or 3'.
2024-02-05 17:03:35,112 - lib.log INFO - ContigID XP_052622538.1 is partial on 5' or 3'.
2024-02-05 17:03:35,112 - lib.log INFO - ContigID XP_023766447.1 is partial on 5' or 3'.
2024-02-05 17:03:35,112 - lib.log INFO - ContigID XP_042753303.2 is partial on 5' or 3'.
2024-02-05 17:03:35,112 - lib.log INFO - ContigID XP_023741221.2 is partial on 5' or 3'.
2024-02-05 17:03:35,112 - lib.log INFO - ContigID XP_052622169.1 is partial on 5' or 3'.
2024-02-05 17:03:35,112 - lib.log INFO - ContigID XP_052622170.1 is partial on 5' or 3'.
2024-02-05 17:03:35,112 - lib.log INFO - ContigID XP_052622139.1 is partial on 5' or 3'.
2024-02-05 17:03:35,112 - lib.log INFO - ContigID XP_052622692.1 is partial on 5' or 3'.
2024-02-05 17:03:35,112 - lib.log INFO - ContigID XP_023743649.2 is partial on 5' or 3'.
2024-02-05 17:03:35,112 - lib.log INFO - ContigID XP_052623499.1 is partial on 5' or 3'.
2024-02-05 17:03:35,112 - lib.log INFO - ContigID XP_023773011.2 is partial on 5' or 3'.
2024-02-05 17:03:35,112 - lib.log INFO - ContigID XP_052623573.1 is partial on 5' or 3'.
2024-02-05 17:03:35,112 - lib.log INFO - ContigID XP_052623576.1 is partial on 5' or 3'.
2024-02-05 17:03:35,112 - lib.log INFO - ContigID XP_023755476.2 is partial on 5' or 3'.
2024-02-05 17:03:35,112 - lib.log INFO - ContigID XP_052623591.1 is partial on 5' or 3'.
2024-02-05 17:03:35,112 - lib.log INFO - ContigID XP_052623602.1 is partial on 5' or 3'.
2024-02-05 17:03:35,112 - lib.log INFO - ContigID XP_052623609.1 is partial on 5' or 3'.
2024-02-05 17:03:35,112 - lib.log INFO - ContigID XP_023731711.2 is partial on 5' or 3'.
2024-02-05 17:03:35,112 - lib.log INFO - ContigID XP_023749965.2 is partial on 5' or 3'.
2024-02-05 17:03:35,112 - lib.log INFO - ContigID XP_023770818.2 is partial on 5' or 3'.
2024-02-05 17:03:35,112 - lib.log INFO - ContigID XP_052623491.1 is partial on 5' or 3'.
2024-02-05 17:03:35,112 - lib.log INFO - ContigID XP_042754347.2 is partial on 5' or 3'.
2024-02-05 17:03:35,112 - lib.log INFO - ContigID XP_052623687.1 is partial on 5' or 3'.
2024-02-05 17:03:35,112 - lib.log INFO - ContigID XP_023740307.3 is partial on 5' or 3'.
2024-02-05 17:03:35,112 - lib.log INFO - ContigID XP_023748157.1 is partial on 5' or 3'.
2024-02-05 17:03:35,112 - lib.log INFO - ContigID XP_042754061.1 is partial on 5' or 3'.
2024-02-05 17:03:35,112 - lib.log INFO - ContigID XP_052623783.1 is partial on 5' or 3'.
2024-02-05 17:03:35,112 - lib.log INFO - ContigID XP_023741585.3 is partial on 5' or 3'.
2024-02-05 17:03:35,112 - lib.log INFO - ContigID XP_023756534.1 is partial on 5' or 3'.
2024-02-05 17:03:35,113 - lib.log INFO - ContigID XP_023741658.1 is partial on 5' or 3'.
2024-02-05 17:03:35,113 - lib.log INFO - ContigID XP_023769628.1 is partial on 5' or 3'.
2024-02-05 17:03:35,113 - lib.log INFO - ContigID XP_052623218.1 is partial on 5' or 3'.
2024-02-05 17:03:35,113 - lib.log INFO - ContigID XP_052623868.1 is partial on 5' or 3'.
2024-02-05 17:03:35,113 - lib.log INFO - ContigID XP_042753186.2 is partial on 5' or 3'.
2024-02-05 17:03:35,113 - lib.log INFO - ContigID YP_009652418.1 is partial on 5' or 3'.
2024-02-05 17:03:35,113 - lib.log INFO - ContigID YP_009652431.1 is partial on 5' or 3'.
2024-02-05 17:03:35,113 - lib.log INFO - ContigID YP_009652433.1 is partial on 5' or 3'.
2024-02-05 17:03:35,113 - lib.log INFO - ContigID YP_009652436.1 is partial on 5' or 3'.
2024-02-05 17:03:35,113 - lib.log INFO - ContigID YP_398344.1 is partial on 5' or 3'.
2024-02-05 17:03:35,113 - lib.log INFO - ContigID YP_398359.2 is partial on 5' or 3'.
2024-02-05 17:03:35,113 - lib.log INFO - ContigID YP_398369.1 is partial on 5' or 3'.
2024-02-05 17:03:35,113 - lib.log INFO - ContigID YP_398378.2 is partial on 5' or 3'.
2024-02-05 17:03:35,137 - lib.log INFO - Done. Input 47803 Contigs, 165 had been removed and 47638 Contigs remained in dataset.
2024-02-05 17:03:35,137 - lib.log INFO - Removing duplicated DNA sequences...
2024-02-05 17:06:06,454 - lib.log INFO - Done. Input 47638 Contigs, 6062 had been removed and 41576 Contigs remained in dataset.
2024-02-05 17:06:06,457 - lib.log INFO - Removing duplicated peptide sequences...
2024-02-05 17:08:30,109 - lib.log INFO - Done. Input 41576 Contigs, 224 had been removed and 41352 Contigs remained in dataset.
2024-02-05 17:08:33,991 - lib.log INFO - Writing fasta file: GCF_002870075.4_Ls_11...
2024-02-05 17:08:34,384 - lib.log INFO - Done
2024-02-05 17:08:34,384 - lib.log INFO - Writing fasta file: GCF_002870075.4_Ls_11...
2024-02-05 17:08:34,566 - lib.log INFO - Done
2024-02-05 17:08:34,616 - lib.log INFO - run_blastp on local
2024-02-05 17:08:34,626 - lib.log INFO - Done. total time 0.009961128234863281.
2024-02-05 17:10:15,330 - lib.log INFO - === programming initiated ...===
2024-02-05 17:10:15,331 - lib.log INFO - Target fasta file: GCF_002870075.4_Lsat_Salinas_v11_cds_from_genomic.fna
2024-02-05 17:10:21,869 - lib.log INFO - Detecting partial sequences...
2024-02-05 17:10:21,920 - lib.log INFO - ContigID XP_052626056.1 is not divisible by 3.
2024-02-05 17:10:21,932 - lib.log INFO - ContigID XP_023756713.2 is partial on 5' or 3'.
2024-02-05 17:10:21,932 - lib.log INFO - ContigID XP_052620879.1 is partial on 5' or 3'.
2024-02-05 17:10:21,933 - lib.log INFO - ContigID XP_052624570.1 is partial on 5' or 3'.
2024-02-05 17:10:21,933 - lib.log INFO - ContigID XP_023728452.2 is partial on 5' or 3'.
2024-02-05 17:10:21,933 - lib.log INFO - ContigID XP_023741047.2 is partial on 5' or 3'.
2024-02-05 17:10:21,933 - lib.log INFO - ContigID XP_023732290.2 is partial on 5' or 3'.
2024-02-05 17:10:21,933 - lib.log INFO - ContigID XP_023748700.2 is partial on 5' or 3'.
2024-02-05 17:10:21,933 - lib.log INFO - ContigID XP_023754998.2 is partial on 5' or 3'.
2024-02-05 17:10:21,933 - lib.log INFO - ContigID XP_052622482.1 is partial on 5' or 3'.
2024-02-05 17:10:21,933 - lib.log INFO - ContigID XP_023768250.1 is partial on 5' or 3'.
2024-02-05 17:10:21,933 - lib.log INFO - ContigID XP_052622929.1 is partial on 5' or 3'.
2024-02-05 17:10:21,933 - lib.log INFO - ContigID XP_052623354.1 is partial on 5' or 3'.
2024-02-05 17:10:21,933 - lib.log INFO - ContigID XP_052624749.1 is partial on 5' or 3'.
2024-02-05 17:10:21,933 - lib.log INFO - ContigID XP_023772053.2 is partial on 5' or 3'.
2024-02-05 17:10:21,933 - lib.log INFO - ContigID XP_052624750.1 is partial on 5' or 3'.
2024-02-05 17:10:21,933 - lib.log INFO - ContigID XP_052624032.1 is partial on 5' or 3'.
2024-02-05 17:10:21,933 - lib.log INFO - ContigID XP_052624040.1 is partial on 5' or 3'.
2024-02-05 17:10:21,933 - lib.log INFO - ContigID XP_052624826.1 is partial on 5' or 3'.
2024-02-05 17:10:21,933 - lib.log INFO - ContigID XP_023756603.1 is partial on 5' or 3'.
2024-02-05 17:10:21,933 - lib.log INFO - ContigID XP_052624875.1 is partial on 5' or 3'.
2024-02-05 17:10:21,933 - lib.log INFO - ContigID XP_023751847.2 is partial on 5' or 3'.
2024-02-05 17:10:21,933 - lib.log INFO - ContigID XP_052624087.1 is partial on 5' or 3'.
2024-02-05 17:10:21,933 - lib.log INFO - ContigID XP_052624103.1 is partial on 5' or 3'.
2024-02-05 17:10:21,933 - lib.log INFO - ContigID XP_052624603.1 is partial on 5' or 3'.
2024-02-05 17:10:21,933 - lib.log INFO - ContigID XP_052625069.1 is partial on 5' or 3'.
2024-02-05 17:10:21,933 - lib.log INFO - ContigID XP_023772218.2 is partial on 5' or 3'.
2024-02-05 17:10:21,933 - lib.log INFO - ContigID XP_023738525.1 is partial on 5' or 3'.
2024-02-05 17:10:21,933 - lib.log INFO - ContigID XP_023758869.2 is partial on 5' or 3'.
2024-02-05 17:10:21,933 - lib.log INFO - ContigID XP_023750194.3 is partial on 5' or 3'.
2024-02-05 17:10:21,933 - lib.log INFO - ContigID XP_052625626.1 is partial on 5' or 3'.
2024-02-05 17:10:21,933 - lib.log INFO - ContigID XP_052625258.1 is partial on 5' or 3'.
2024-02-05 17:10:21,933 - lib.log INFO - ContigID XP_023731327.1 is partial on 5' or 3'.
2024-02-05 17:10:21,933 - lib.log INFO - ContigID XP_023756105.1 is partial on 5' or 3'.
2024-02-05 17:10:21,933 - lib.log INFO - ContigID XP_023769980.2 is partial on 5' or 3'.
2024-02-05 17:10:21,933 - lib.log INFO - ContigID XP_052625724.1 is partial on 5' or 3'.
2024-02-05 17:10:21,933 - lib.log INFO - ContigID XP_052625744.1 is partial on 5' or 3'.
2024-02-05 17:10:21,933 - lib.log INFO - ContigID XP_052625750.1 is partial on 5' or 3'.
2024-02-05 17:10:21,933 - lib.log INFO - ContigID XP_052625768.1 is partial on 5' or 3'.
2024-02-05 17:10:21,933 - lib.log INFO - ContigID XP_052625788.1 is partial on 5' or 3'.
2024-02-05 17:10:21,933 - lib.log INFO - ContigID XP_042756649.1 is partial on 5' or 3'.
2024-02-05 17:10:21,933 - lib.log INFO - ContigID XP_052625899.1 is partial on 5' or 3'.
2024-02-05 17:10:21,933 - lib.log INFO - ContigID XP_052626056.1 is partial on 5' or 3'.
2024-02-05 17:10:21,933 - lib.log INFO - ContigID XP_042756361.2 is partial on 5' or 3'.
2024-02-05 17:10:21,933 - lib.log INFO - ContigID XP_023749585.2 is partial on 5' or 3'.
2024-02-05 17:10:21,933 - lib.log INFO - ContigID XP_023762222.2 is partial on 5' or 3'.
2024-02-05 17:10:21,933 - lib.log INFO - ContigID XP_023746289.3 is partial on 5' or 3'.
2024-02-05 17:10:21,933 - lib.log INFO - ContigID XP_042756825.2 is partial on 5' or 3'.
2024-02-05 17:10:21,933 - lib.log INFO - ContigID XP_052627299.1 is partial on 5' or 3'.
2024-02-05 17:10:21,933 - lib.log INFO - ContigID XP_052627298.1 is partial on 5' or 3'.
2024-02-05 17:10:21,933 - lib.log INFO - ContigID XP_023730839.1 is partial on 5' or 3'.
2024-02-05 17:10:21,933 - lib.log INFO - ContigID XP_052626271.1 is partial on 5' or 3'.
2024-02-05 17:10:21,933 - lib.log INFO - ContigID XP_042757554.1 is partial on 5' or 3'.
2024-02-05 17:10:21,933 - lib.log INFO - ContigID XP_042757057.2 is partial on 5' or 3'.
2024-02-05 17:10:21,933 - lib.log INFO - ContigID XP_052627347.1 is partial on 5' or 3'.
2024-02-05 17:10:21,933 - lib.log INFO - ContigID XP_023762223.1 is partial on 5' or 3'.
2024-02-05 17:10:21,933 - lib.log INFO - ContigID XP_052627020.1 is partial on 5' or 3'.
2024-02-05 17:10:21,933 - lib.log INFO - ContigID XP_052627066.1 is partial on 5' or 3'.
2024-02-05 17:10:21,933 - lib.log INFO - ContigID XP_052627081.1 is partial on 5' or 3'.
2024-02-05 17:10:21,933 - lib.log INFO - ContigID XP_023749025.2 is partial on 5' or 3'.
2024-02-05 17:10:21,933 - lib.log INFO - ContigID XP_052627152.1 is partial on 5' or 3'.
2024-02-05 17:10:21,933 - lib.log INFO - ContigID XP_052627225.1 is partial on 5' or 3'.
2024-02-05 17:10:21,933 - lib.log INFO - ContigID XP_052627230.1 is partial on 5' or 3'.
2024-02-05 17:10:21,933 - lib.log INFO - ContigID XP_052627264.1 is partial on 5' or 3'.
2024-02-05 17:10:21,933 - lib.log INFO - ContigID XP_023760606.2 is partial on 5' or 3'.
2024-02-05 17:10:21,933 - lib.log INFO - ContigID XP_042754714.1 is partial on 5' or 3'.
2024-02-05 17:10:21,933 - lib.log INFO - ContigID XP_052627665.1 is partial on 5' or 3'.
2024-02-05 17:10:21,933 - lib.log INFO - ContigID XP_052627670.1 is partial on 5' or 3'.
2024-02-05 17:10:21,933 - lib.log INFO - ContigID XP_023764772.3 is partial on 5' or 3'.
2024-02-05 17:10:21,933 - lib.log INFO - ContigID XP_042758036.1 is partial on 5' or 3'.
2024-02-05 17:10:21,933 - lib.log INFO - ContigID XP_042758039.2 is partial on 5' or 3'.
2024-02-05 17:10:21,933 - lib.log INFO - ContigID XP_023771359.2 is partial on 5' or 3'.
2024-02-05 17:10:21,933 - lib.log INFO - ContigID XP_023744292.1 is partial on 5' or 3'.
2024-02-05 17:10:21,933 - lib.log INFO - ContigID XP_023742594.1 is partial on 5' or 3'.
2024-02-05 17:10:21,933 - lib.log INFO - ContigID XP_042751369.2 is partial on 5' or 3'.
2024-02-05 17:10:21,933 - lib.log INFO - ContigID XP_052619659.1 is partial on 5' or 3'.
2024-02-05 17:10:21,933 - lib.log INFO - ContigID XP_052619857.1 is partial on 5' or 3'.
2024-02-05 17:10:21,933 - lib.log INFO - ContigID XP_042757881.2 is partial on 5' or 3'.
2024-02-05 17:10:21,933 - lib.log INFO - ContigID XP_023752698.1 is partial on 5' or 3'.
2024-02-05 17:10:21,933 - lib.log INFO - ContigID XP_052619911.1 is partial on 5' or 3'.
2024-02-05 17:10:21,933 - lib.log INFO - ContigID XP_052620386.1 is partial on 5' or 3'.
2024-02-05 17:10:21,933 - lib.log INFO - ContigID XP_023738960.1 is partial on 5' or 3'.
2024-02-05 17:10:21,933 - lib.log INFO - ContigID XP_023738961.1 is partial on 5' or 3'.
2024-02-05 17:10:21,933 - lib.log INFO - ContigID XP_042751992.1 is partial on 5' or 3'.
2024-02-05 17:10:21,933 - lib.log INFO - ContigID XP_023739376.1 is partial on 5' or 3'.
2024-02-05 17:10:21,933 - lib.log INFO - ContigID XP_052620878.1 is partial on 5' or 3'.
2024-02-05 17:10:21,933 - lib.log INFO - ContigID XP_052620881.1 is partial on 5' or 3'.
2024-02-05 17:10:21,933 - lib.log INFO - ContigID XP_023742094.2 is partial on 5' or 3'.
2024-02-05 17:10:21,933 - lib.log INFO - ContigID XP_052620616.1 is partial on 5' or 3'.
2024-02-05 17:10:21,933 - lib.log INFO - ContigID XP_052620944.1 is partial on 5' or 3'.
2024-02-05 17:10:21,933 - lib.log INFO - ContigID XP_052620433.1 is partial on 5' or 3'.
2024-02-05 17:10:21,933 - lib.log INFO - ContigID XP_052620972.1 is partial on 5' or 3'.
2024-02-05 17:10:21,933 - lib.log INFO - ContigID XP_052620990.1 is partial on 5' or 3'.
2024-02-05 17:10:21,934 - lib.log INFO - ContigID XP_023752791.2 is partial on 5' or 3'.
2024-02-05 17:10:21,934 - lib.log INFO - ContigID XP_042752081.1 is partial on 5' or 3'.
2024-02-05 17:10:21,934 - lib.log INFO - ContigID XP_052620462.1 is partial on 5' or 3'.
2024-02-05 17:10:21,934 - lib.log INFO - ContigID XP_042752337.2 is partial on 5' or 3'.
2024-02-05 17:10:21,934 - lib.log INFO - ContigID XP_023758775.2 is partial on 5' or 3'.
2024-02-05 17:10:21,934 - lib.log INFO - ContigID XP_052621607.1 is partial on 5' or 3'.
2024-02-05 17:10:21,934 - lib.log INFO - ContigID XP_023732968.2 is partial on 5' or 3'.
2024-02-05 17:10:21,934 - lib.log INFO - ContigID XP_052621608.1 is partial on 5' or 3'.
2024-02-05 17:10:21,934 - lib.log INFO - ContigID XP_023735867.3 is partial on 5' or 3'.
2024-02-05 17:10:21,934 - lib.log INFO - ContigID XP_052621434.1 is partial on 5' or 3'.
2024-02-05 17:10:21,934 - lib.log INFO - ContigID XP_042752708.2 is partial on 5' or 3'.
2024-02-05 17:10:21,934 - lib.log INFO - ContigID XP_052621729.1 is partial on 5' or 3'.
2024-02-05 17:10:21,934 - lib.log INFO - ContigID XP_023730672.3 is partial on 5' or 3'.
2024-02-05 17:10:21,934 - lib.log INFO - ContigID XP_023755819.1 is partial on 5' or 3'.
2024-02-05 17:10:21,934 - lib.log INFO - ContigID XP_052621397.1 is partial on 5' or 3'.
2024-02-05 17:10:21,934 - lib.log INFO - ContigID XP_052621407.1 is partial on 5' or 3'.
2024-02-05 17:10:21,934 - lib.log INFO - ContigID XP_042753101.1 is partial on 5' or 3'.
2024-02-05 17:10:21,934 - lib.log INFO - ContigID XP_023771156.1 is partial on 5' or 3'.
2024-02-05 17:10:21,934 - lib.log INFO - ContigID XP_023729494.2 is partial on 5' or 3'.
2024-02-05 17:10:21,934 - lib.log INFO - ContigID XP_023765787.2 is partial on 5' or 3'.
2024-02-05 17:10:21,934 - lib.log INFO - ContigID XP_052622323.1 is partial on 5' or 3'.
2024-02-05 17:10:21,934 - lib.log INFO - ContigID XP_052622326.1 is partial on 5' or 3'.
2024-02-05 17:10:21,934 - lib.log INFO - ContigID XP_023762736.2 is partial on 5' or 3'.
2024-02-05 17:10:21,934 - lib.log INFO - ContigID XP_023754207.1 is partial on 5' or 3'.
2024-02-05 17:10:21,934 - lib.log INFO - ContigID XP_023764577.2 is partial on 5' or 3'.
2024-02-05 17:10:21,934 - lib.log INFO - ContigID XP_052622433.1 is partial on 5' or 3'.
2024-02-05 17:10:21,934 - lib.log INFO - ContigID XP_052622440.1 is partial on 5' or 3'.
2024-02-05 17:10:21,934 - lib.log INFO - ContigID XP_052622718.1 is partial on 5' or 3'.
2024-02-05 17:10:21,934 - lib.log INFO - ContigID XP_052622892.1 is partial on 5' or 3'.
2024-02-05 17:10:21,934 - lib.log INFO - ContigID XP_023766465.1 is partial on 5' or 3'.
2024-02-05 17:10:21,934 - lib.log INFO - ContigID XP_023756732.1 is partial on 5' or 3'.
2024-02-05 17:10:21,934 - lib.log INFO - ContigID XP_052622538.1 is partial on 5' or 3'.
2024-02-05 17:10:21,934 - lib.log INFO - ContigID XP_023766447.1 is partial on 5' or 3'.
2024-02-05 17:10:21,934 - lib.log INFO - ContigID XP_042753303.2 is partial on 5' or 3'.
2024-02-05 17:10:21,934 - lib.log INFO - ContigID XP_023741221.2 is partial on 5' or 3'.
2024-02-05 17:10:21,934 - lib.log INFO - ContigID XP_052622169.1 is partial on 5' or 3'.
2024-02-05 17:10:21,934 - lib.log INFO - ContigID XP_052622170.1 is partial on 5' or 3'.
2024-02-05 17:10:21,934 - lib.log INFO - ContigID XP_052622139.1 is partial on 5' or 3'.
2024-02-05 17:10:21,934 - lib.log INFO - ContigID XP_052622692.1 is partial on 5' or 3'.
2024-02-05 17:10:21,934 - lib.log INFO - ContigID XP_023743649.2 is partial on 5' or 3'.
2024-02-05 17:10:21,934 - lib.log INFO - ContigID XP_052623499.1 is partial on 5' or 3'.
2024-02-05 17:10:21,934 - lib.log INFO - ContigID XP_023773011.2 is partial on 5' or 3'.
2024-02-05 17:10:21,934 - lib.log INFO - ContigID XP_052623573.1 is partial on 5' or 3'.
2024-02-05 17:10:21,934 - lib.log INFO - ContigID XP_052623576.1 is partial on 5' or 3'.
2024-02-05 17:10:21,934 - lib.log INFO - ContigID XP_023755476.2 is partial on 5' or 3'.
2024-02-05 17:10:21,934 - lib.log INFO - ContigID XP_052623591.1 is partial on 5' or 3'.
2024-02-05 17:10:21,934 - lib.log INFO - ContigID XP_052623602.1 is partial on 5' or 3'.
2024-02-05 17:10:21,934 - lib.log INFO - ContigID XP_052623609.1 is partial on 5' or 3'.
2024-02-05 17:10:21,934 - lib.log INFO - ContigID XP_023731711.2 is partial on 5' or 3'.
2024-02-05 17:10:21,934 - lib.log INFO - ContigID XP_023749965.2 is partial on 5' or 3'.
2024-02-05 17:10:21,934 - lib.log INFO - ContigID XP_023770818.2 is partial on 5' or 3'.
2024-02-05 17:10:21,934 - lib.log INFO - ContigID XP_052623491.1 is partial on 5' or 3'.
2024-02-05 17:10:21,934 - lib.log INFO - ContigID XP_042754347.2 is partial on 5' or 3'.
2024-02-05 17:10:21,934 - lib.log INFO - ContigID XP_052623687.1 is partial on 5' or 3'.
2024-02-05 17:10:21,934 - lib.log INFO - ContigID XP_023740307.3 is partial on 5' or 3'.
2024-02-05 17:10:21,934 - lib.log INFO - ContigID XP_023748157.1 is partial on 5' or 3'.
2024-02-05 17:10:21,934 - lib.log INFO - ContigID XP_042754061.1 is partial on 5' or 3'.
2024-02-05 17:10:21,934 - lib.log INFO - ContigID XP_052623783.1 is partial on 5' or 3'.
2024-02-05 17:10:21,934 - lib.log INFO - ContigID XP_023741585.3 is partial on 5' or 3'.
2024-02-05 17:10:21,934 - lib.log INFO - ContigID XP_023756534.1 is partial on 5' or 3'.
2024-02-05 17:10:21,934 - lib.log INFO - ContigID XP_023741658.1 is partial on 5' or 3'.
2024-02-05 17:10:21,934 - lib.log INFO - ContigID XP_023769628.1 is partial on 5' or 3'.
2024-02-05 17:10:21,934 - lib.log INFO - ContigID XP_052623218.1 is partial on 5' or 3'.
2024-02-05 17:10:21,934 - lib.log INFO - ContigID XP_052623868.1 is partial on 5' or 3'.
2024-02-05 17:10:21,934 - lib.log INFO - ContigID XP_042753186.2 is partial on 5' or 3'.
2024-02-05 17:10:21,934 - lib.log INFO - ContigID YP_009652418.1 is partial on 5' or 3'.
2024-02-05 17:10:21,934 - lib.log INFO - ContigID YP_009652431.1 is partial on 5' or 3'.
2024-02-05 17:10:21,934 - lib.log INFO - ContigID YP_009652433.1 is partial on 5' or 3'.
2024-02-05 17:10:21,934 - lib.log INFO - ContigID YP_009652436.1 is partial on 5' or 3'.
2024-02-05 17:10:21,934 - lib.log INFO - ContigID YP_398344.1 is partial on 5' or 3'.
2024-02-05 17:10:21,934 - lib.log INFO - ContigID YP_398359.2 is partial on 5' or 3'.
2024-02-05 17:10:21,934 - lib.log INFO - ContigID YP_398369.1 is partial on 5' or 3'.
2024-02-05 17:10:21,934 - lib.log INFO - ContigID YP_398378.2 is partial on 5' or 3'.
2024-02-05 17:10:21,953 - lib.log INFO - Done. Input 47803 Contigs, 165 had been removed and 47638 Contigs remained in dataset.
2024-02-05 17:10:21,953 - lib.log INFO - Removing duplicated DNA sequences...
2024-02-05 17:12:52,408 - lib.log INFO - Done. Input 47638 Contigs, 6062 had been removed and 41576 Contigs remained in dataset.
2024-02-05 17:12:52,412 - lib.log INFO - Removing duplicated peptide sequences...
2024-02-05 17:15:16,155 - lib.log INFO - Done. Input 41576 Contigs, 224 had been removed and 41352 Contigs remained in dataset.
2024-02-05 17:15:19,986 - lib.log INFO - Writing fasta file: GCF_002870075.4_Ls_11...
2024-02-05 17:15:20,365 - lib.log INFO - Done
2024-02-05 17:15:20,366 - lib.log INFO - Writing fasta file: GCF_002870075.4_Ls_11...
2024-02-05 17:15:20,547 - lib.log INFO - Done
2024-02-05 17:15:20,596 - lib.log INFO - run_blastp on local
2024-02-05 17:15:20,608 - lib.log INFO - Done. total time 0.011088132858276367.
